  Form1.cpp
D:\project222\Assignment_project\Form1.h(40,22): warning C4566: character represented by universal-character-name '\u0E2B' cannot be represented in the current code page (1252)
  (compiling source file 'Form1.cpp')
  
D:\project222\Assignment_project\Form1.h(40,22): warning C4566: character represented by universal-character-name '\u0E32' cannot be represented in the current code page (1252)
  (compiling source file 'Form1.cpp')
  
D:\project222\Assignment_project\Form1.h(40,22): warning C4566: character represented by universal-character-name '\u0E44' cannot be represented in the current code page (1252)
  (compiling source file 'Form1.cpp')
  
D:\project222\Assignment_project\Form1.h(40,22): warning C4566: character represented by universal-character-name '\u0E1F' cannot be represented in the current code page (1252)
  (compiling source file 'Form1.cpp')
  
D:\project222\Assignment_project\Form1.h(40,22): warning C4566: character represented by universal-character-name '\u0E25' cannot be represented in the current code page (1252)
  (compiling source file 'Form1.cpp')
  
D:\project222\Assignment_project\Form1.h(40,22): warning C4566: character represented by universal-character-name '\u0E4C' cannot be represented in the current code page (1252)
  (compiling source file 'Form1.cpp')
  
D:\project222\Assignment_project\Form1.h(40,22): warning C4566: character represented by universal-character-name '\u0E21' cannot be represented in the current code page (1252)
  (compiling source file 'Form1.cpp')
  
D:\project222\Assignment_project\Form1.h(40,22): warning C4566: character represented by universal-character-name '\u0E48' cannot be represented in the current code page (1252)
  (compiling source file 'Form1.cpp')
  
D:\project222\Assignment_project\Form1.h(40,22): warning C4566: character represented by universal-character-name '\u0E40' cannot be represented in the current code page (1252)
  (compiling source file 'Form1.cpp')
  
D:\project222\Assignment_project\Form1.h(40,22): warning C4566: character represented by universal-character-name '\u0E08' cannot be represented in the current code page (1252)
  (compiling source file 'Form1.cpp')
  
D:\project222\Assignment_project\Form1.h(40,22): warning C4566: character represented by universal-character-name '\u0E2D' cannot be represented in the current code page (1252)
  (compiling source file 'Form1.cpp')
  
D:\project222\Assignment_project\Form1.h(40,22): warning C4566: character represented by universal-character-name '\u0E01' cannot be represented in the current code page (1252)
  (compiling source file 'Form1.cpp')
  
D:\project222\Assignment_project\Form1.h(40,22): warning C4566: character represented by universal-character-name '\u0E23' cannot be represented in the current code page (1252)
  (compiling source file 'Form1.cpp')
  
D:\project222\Assignment_project\Form1.h(40,22): warning C4566: character represented by universal-character-name '\u0E38' cannot be represented in the current code page (1252)
  (compiling source file 'Form1.cpp')
  
D:\project222\Assignment_project\Form1.h(40,22): warning C4566: character represented by universal-character-name '\u0E13' cannot be represented in the current code page (1252)
  (compiling source file 'Form1.cpp')
  
D:\project222\Assignment_project\Form1.h(40,22): warning C4566: character represented by universal-character-name '\u0E0A' cannot be represented in the current code page (1252)
  (compiling source file 'Form1.cpp')
  
D:\project222\Assignment_project\Form1.h(40,22): warning C4566: character represented by universal-character-name '\u0E47' cannot be represented in the current code page (1252)
  (compiling source file 'Form1.cpp')
  
D:\project222\Assignment_project\Form1.h(40,22): warning C4566: character represented by universal-character-name '\u0E04' cannot be represented in the current code page (1252)
  (compiling source file 'Form1.cpp')
  
D:\project222\Assignment_project\Form1.h(40,22): warning C4566: character represented by universal-character-name '\u0E27' cannot be represented in the current code page (1252)
  (compiling source file 'Form1.cpp')
  
D:\project222\Assignment_project\Form1.h(40,22): warning C4566: character represented by universal-character-name '\u0E07' cannot be represented in the current code page (1252)
  (compiling source file 'Form1.cpp')
  
D:\project222\Assignment_project\Form1.h(40,22): warning C4566: character represented by universal-character-name '\u0E49' cannot be represented in the current code page (1252)
  (compiling source file 'Form1.cpp')
  
D:\project222\Assignment_project\Form1.h(40,22): warning C4566: character represented by universal-character-name '\u0E43' cannot be represented in the current code page (1252)
  (compiling source file 'Form1.cpp')
  
D:\project222\Assignment_project\Form1.h(40,22): warning C4566: character represented by universal-character-name '\u0E19' cannot be represented in the current code page (1252)
  (compiling source file 'Form1.cpp')
  
D:\project222\Assignment_project\Form1.h(40,22): warning C4566: character represented by universal-character-name '\u0E42' cannot be represented in the current code page (1252)
  (compiling source file 'Form1.cpp')
  
D:\project222\Assignment_project\Form1.h(40,22): warning C4566: character represented by universal-character-name '\u0E14' cannot be represented in the current code page (1252)
  (compiling source file 'Form1.cpp')
  
D:\project222\Assignment_project\Form1.h(40,22): warning C4566: character represented by universal-character-name '\u0E35' cannot be represented in the current code page (1252)
  (compiling source file 'Form1.cpp')
  
D:\project222\Assignment_project\Form1.h(40,22): warning C4566: character represented by universal-character-name '\u0E22' cannot be represented in the current code page (1252)
  (compiling source file 'Form1.cpp')
  
D:\project222\Assignment_project\Form1.h(40,22): warning C4566: character represented by universal-character-name '\u0E31' cannot be represented in the current code page (1252)
  (compiling source file 'Form1.cpp')
  
D:\project222\Assignment_project\Form1.h(40,22): warning C4566: character represented by universal-character-name '\u0E1A' cannot be represented in the current code page (1252)
  (compiling source file 'Form1.cpp')
  
D:\project222\Assignment_project\Form1.h(40,22): warning C4566: character represented by universal-character-name '\u0E37' cannot be represented in the current code page (1252)
  (compiling source file 'Form1.cpp')
  
D:\project222\Assignment_project\Form1.h(46,22): warning C4566: character represented by universal-character-name '\u0E2B' cannot be represented in the current code page (1252)
  (compiling source file 'Form1.cpp')
  
D:\project222\Assignment_project\Form1.h(46,22): warning C4566: character represented by universal-character-name '\u0E32' cannot be represented in the current code page (1252)
  (compiling source file 'Form1.cpp')
  
D:\project222\Assignment_project\Form1.h(46,22): warning C4566: character represented by universal-character-name '\u0E44' cannot be represented in the current code page (1252)
  (compiling source file 'Form1.cpp')
  
D:\project222\Assignment_project\Form1.h(46,22): warning C4566: character represented by universal-character-name '\u0E1F' cannot be represented in the current code page (1252)
  (compiling source file 'Form1.cpp')
  
D:\project222\Assignment_project\Form1.h(46,22): warning C4566: character represented by universal-character-name '\u0E25' cannot be represented in the current code page (1252)
  (compiling source file 'Form1.cpp')
  
D:\project222\Assignment_project\Form1.h(46,22): warning C4566: character represented by universal-character-name '\u0E4C' cannot be represented in the current code page (1252)
  (compiling source file 'Form1.cpp')
  
D:\project222\Assignment_project\Form1.h(46,22): warning C4566: character represented by universal-character-name '\u0E21' cannot be represented in the current code page (1252)
  (compiling source file 'Form1.cpp')
  
D:\project222\Assignment_project\Form1.h(46,22): warning C4566: character represented by universal-character-name '\u0E48' cannot be represented in the current code page (1252)
  (compiling source file 'Form1.cpp')
  
D:\project222\Assignment_project\Form1.h(46,22): warning C4566: character represented by universal-character-name '\u0E40' cannot be represented in the current code page (1252)
  (compiling source file 'Form1.cpp')
  
D:\project222\Assignment_project\Form1.h(46,22): warning C4566: character represented by universal-character-name '\u0E08' cannot be represented in the current code page (1252)
  (compiling source file 'Form1.cpp')
  
D:\project222\Assignment_project\Form1.h(46,22): warning C4566: character represented by universal-character-name '\u0E2D' cannot be represented in the current code page (1252)
  (compiling source file 'Form1.cpp')
  
D:\project222\Assignment_project\Form1.h(46,22): warning C4566: character represented by universal-character-name '\u0E42' cannot be represented in the current code page (1252)
  (compiling source file 'Form1.cpp')
  
D:\project222\Assignment_project\Form1.h(46,22): warning C4566: character represented by universal-character-name '\u0E14' cannot be represented in the current code page (1252)
  (compiling source file 'Form1.cpp')
  
D:\project222\Assignment_project\Form1.h(46,22): warning C4566: character represented by universal-character-name '\u0E23' cannot be represented in the current code page (1252)
  (compiling source file 'Form1.cpp')
  
D:\project222\Assignment_project\Form1.h(46,22): warning C4566: character represented by universal-character-name '\u0E37' cannot be represented in the current code page (1252)
  (compiling source file 'Form1.cpp')
  
D:\project222\Assignment_project\Form1.h(46,22): warning C4566: character represented by universal-character-name '\u0E22' cannot be represented in the current code page (1252)
  (compiling source file 'Form1.cpp')
  
D:\project222\Assignment_project\Form1.h(46,22): warning C4566: character represented by universal-character-name '\u0E31' cannot be represented in the current code page (1252)
  (compiling source file 'Form1.cpp')
  
D:\project222\Assignment_project\Form1.h(46,22): warning C4566: character represented by universal-character-name '\u0E07' cannot be represented in the current code page (1252)
  (compiling source file 'Form1.cpp')
  
D:\project222\Assignment_project\Form1.h(46,22): warning C4566: character represented by universal-character-name '\u0E04' cannot be represented in the current code page (1252)
  (compiling source file 'Form1.cpp')
  
D:\project222\Assignment_project\Form1.h(46,22): warning C4566: character represented by universal-character-name '\u0E1A' cannot be represented in the current code page (1252)
  (compiling source file 'Form1.cpp')
  
D:\project222\Assignment_project\Form1.h(346,23): warning C4244: 'argument': conversion from 'double' to '_Tp', possible loss of data
D:\project222\Assignment_project\Form1.h(346,23): warning C4244:         with
D:\project222\Assignment_project\Form1.h(346,23): warning C4244:         [
D:\project222\Assignment_project\Form1.h(346,23): warning C4244:             _Tp=int
D:\project222\Assignment_project\Form1.h(346,23): warning C4244:         ]
  (compiling source file 'Form1.cpp')
  
D:\project222\Assignment_project\Form1.h(344,18): warning C4244: 'argument': conversion from 'double' to '_Tp', possible loss of data
D:\project222\Assignment_project\Form1.h(344,18): warning C4244:         with
D:\project222\Assignment_project\Form1.h(344,18): warning C4244:         [
D:\project222\Assignment_project\Form1.h(344,18): warning C4244:             _Tp=int
D:\project222\Assignment_project\Form1.h(344,18): warning C4244:         ]
  (compiling source file 'Form1.cpp')
  
D:\project222\Assignment_project\Form1.h(360,57): warning C4244: 'argument': conversion from 'double' to '_Tp', possible loss of data
D:\project222\Assignment_project\Form1.h(360,57): warning C4244:         with
D:\project222\Assignment_project\Form1.h(360,57): warning C4244:         [
D:\project222\Assignment_project\Form1.h(360,57): warning C4244:             _Tp=int
D:\project222\Assignment_project\Form1.h(360,57): warning C4244:         ]
  (compiling source file 'Form1.cpp')
  
  MyForm333.cpp
  Source.cpp
D:\project222\Assignment_project\Form1.h(40,22): warning C4566: character represented by universal-character-name '\u0E2B' cannot be represented in the current code page (1252)
  (compiling source file 'Source.cpp')
  
D:\project222\Assignment_project\Form1.h(40,22): warning C4566: character represented by universal-character-name '\u0E32' cannot be represented in the current code page (1252)
  (compiling source file 'Source.cpp')
  
D:\project222\Assignment_project\Form1.h(40,22): warning C4566: character represented by universal-character-name '\u0E44' cannot be represented in the current code page (1252)
  (compiling source file 'Source.cpp')
  
D:\project222\Assignment_project\Form1.h(40,22): warning C4566: character represented by universal-character-name '\u0E1F' cannot be represented in the current code page (1252)
  (compiling source file 'Source.cpp')
  
D:\project222\Assignment_project\Form1.h(40,22): warning C4566: character represented by universal-character-name '\u0E25' cannot be represented in the current code page (1252)
  (compiling source file 'Source.cpp')
  
D:\project222\Assignment_project\Form1.h(40,22): warning C4566: character represented by universal-character-name '\u0E4C' cannot be represented in the current code page (1252)
  (compiling source file 'Source.cpp')
  
D:\project222\Assignment_project\Form1.h(40,22): warning C4566: character represented by universal-character-name '\u0E21' cannot be represented in the current code page (1252)
  (compiling source file 'Source.cpp')
  
D:\project222\Assignment_project\Form1.h(40,22): warning C4566: character represented by universal-character-name '\u0E48' cannot be represented in the current code page (1252)
  (compiling source file 'Source.cpp')
  
D:\project222\Assignment_project\Form1.h(40,22): warning C4566: character represented by universal-character-name '\u0E40' cannot be represented in the current code page (1252)
  (compiling source file 'Source.cpp')
  
D:\project222\Assignment_project\Form1.h(40,22): warning C4566: character represented by universal-character-name '\u0E08' cannot be represented in the current code page (1252)
  (compiling source file 'Source.cpp')
  
D:\project222\Assignment_project\Form1.h(40,22): warning C4566: character represented by universal-character-name '\u0E2D' cannot be represented in the current code page (1252)
  (compiling source file 'Source.cpp')
  
D:\project222\Assignment_project\Form1.h(40,22): warning C4566: character represented by universal-character-name '\u0E01' cannot be represented in the current code page (1252)
  (compiling source file 'Source.cpp')
  
D:\project222\Assignment_project\Form1.h(40,22): warning C4566: character represented by universal-character-name '\u0E23' cannot be represented in the current code page (1252)
  (compiling source file 'Source.cpp')
  
D:\project222\Assignment_project\Form1.h(40,22): warning C4566: character represented by universal-character-name '\u0E38' cannot be represented in the current code page (1252)
  (compiling source file 'Source.cpp')
  
D:\project222\Assignment_project\Form1.h(40,22): warning C4566: character represented by universal-character-name '\u0E13' cannot be represented in the current code page (1252)
  (compiling source file 'Source.cpp')
  
D:\project222\Assignment_project\Form1.h(40,22): warning C4566: character represented by universal-character-name '\u0E0A' cannot be represented in the current code page (1252)
  (compiling source file 'Source.cpp')
  
D:\project222\Assignment_project\Form1.h(40,22): warning C4566: character represented by universal-character-name '\u0E47' cannot be represented in the current code page (1252)
  (compiling source file 'Source.cpp')
  
D:\project222\Assignment_project\Form1.h(40,22): warning C4566: character represented by universal-character-name '\u0E04' cannot be represented in the current code page (1252)
  (compiling source file 'Source.cpp')
  
D:\project222\Assignment_project\Form1.h(40,22): warning C4566: character represented by universal-character-name '\u0E27' cannot be represented in the current code page (1252)
  (compiling source file 'Source.cpp')
  
D:\project222\Assignment_project\Form1.h(40,22): warning C4566: character represented by universal-character-name '\u0E07' cannot be represented in the current code page (1252)
  (compiling source file 'Source.cpp')
  
D:\project222\Assignment_project\Form1.h(40,22): warning C4566: character represented by universal-character-name '\u0E49' cannot be represented in the current code page (1252)
  (compiling source file 'Source.cpp')
  
D:\project222\Assignment_project\Form1.h(40,22): warning C4566: character represented by universal-character-name '\u0E43' cannot be represented in the current code page (1252)
  (compiling source file 'Source.cpp')
  
D:\project222\Assignment_project\Form1.h(40,22): warning C4566: character represented by universal-character-name '\u0E19' cannot be represented in the current code page (1252)
  (compiling source file 'Source.cpp')
  
D:\project222\Assignment_project\Form1.h(40,22): warning C4566: character represented by universal-character-name '\u0E42' cannot be represented in the current code page (1252)
  (compiling source file 'Source.cpp')
  
D:\project222\Assignment_project\Form1.h(40,22): warning C4566: character represented by universal-character-name '\u0E14' cannot be represented in the current code page (1252)
  (compiling source file 'Source.cpp')
  
D:\project222\Assignment_project\Form1.h(40,22): warning C4566: character represented by universal-character-name '\u0E35' cannot be represented in the current code page (1252)
  (compiling source file 'Source.cpp')
  
D:\project222\Assignment_project\Form1.h(40,22): warning C4566: character represented by universal-character-name '\u0E22' cannot be represented in the current code page (1252)
  (compiling source file 'Source.cpp')
  
D:\project222\Assignment_project\Form1.h(40,22): warning C4566: character represented by universal-character-name '\u0E31' cannot be represented in the current code page (1252)
  (compiling source file 'Source.cpp')
  
D:\project222\Assignment_project\Form1.h(40,22): warning C4566: character represented by universal-character-name '\u0E1A' cannot be represented in the current code page (1252)
  (compiling source file 'Source.cpp')
  
D:\project222\Assignment_project\Form1.h(40,22): warning C4566: character represented by universal-character-name '\u0E37' cannot be represented in the current code page (1252)
  (compiling source file 'Source.cpp')
  
D:\project222\Assignment_project\Form1.h(46,22): warning C4566: character represented by universal-character-name '\u0E2B' cannot be represented in the current code page (1252)
  (compiling source file 'Source.cpp')
  
D:\project222\Assignment_project\Form1.h(46,22): warning C4566: character represented by universal-character-name '\u0E32' cannot be represented in the current code page (1252)
  (compiling source file 'Source.cpp')
  
D:\project222\Assignment_project\Form1.h(46,22): warning C4566: character represented by universal-character-name '\u0E44' cannot be represented in the current code page (1252)
  (compiling source file 'Source.cpp')
  
D:\project222\Assignment_project\Form1.h(46,22): warning C4566: character represented by universal-character-name '\u0E1F' cannot be represented in the current code page (1252)
  (compiling source file 'Source.cpp')
  
D:\project222\Assignment_project\Form1.h(46,22): warning C4566: character represented by universal-character-name '\u0E25' cannot be represented in the current code page (1252)
  (compiling source file 'Source.cpp')
  
D:\project222\Assignment_project\Form1.h(46,22): warning C4566: character represented by universal-character-name '\u0E4C' cannot be represented in the current code page (1252)
  (compiling source file 'Source.cpp')
  
D:\project222\Assignment_project\Form1.h(46,22): warning C4566: character represented by universal-character-name '\u0E21' cannot be represented in the current code page (1252)
  (compiling source file 'Source.cpp')
  
D:\project222\Assignment_project\Form1.h(46,22): warning C4566: character represented by universal-character-name '\u0E48' cannot be represented in the current code page (1252)
  (compiling source file 'Source.cpp')
  
D:\project222\Assignment_project\Form1.h(46,22): warning C4566: character represented by universal-character-name '\u0E40' cannot be represented in the current code page (1252)
  (compiling source file 'Source.cpp')
  
D:\project222\Assignment_project\Form1.h(46,22): warning C4566: character represented by universal-character-name '\u0E08' cannot be represented in the current code page (1252)
  (compiling source file 'Source.cpp')
  
D:\project222\Assignment_project\Form1.h(46,22): warning C4566: character represented by universal-character-name '\u0E2D' cannot be represented in the current code page (1252)
  (compiling source file 'Source.cpp')
  
D:\project222\Assignment_project\Form1.h(46,22): warning C4566: character represented by universal-character-name '\u0E42' cannot be represented in the current code page (1252)
  (compiling source file 'Source.cpp')
  
D:\project222\Assignment_project\Form1.h(46,22): warning C4566: character represented by universal-character-name '\u0E14' cannot be represented in the current code page (1252)
  (compiling source file 'Source.cpp')
  
D:\project222\Assignment_project\Form1.h(46,22): warning C4566: character represented by universal-character-name '\u0E23' cannot be represented in the current code page (1252)
  (compiling source file 'Source.cpp')
  
D:\project222\Assignment_project\Form1.h(46,22): warning C4566: character represented by universal-character-name '\u0E37' cannot be represented in the current code page (1252)
  (compiling source file 'Source.cpp')
  
D:\project222\Assignment_project\Form1.h(46,22): warning C4566: character represented by universal-character-name '\u0E22' cannot be represented in the current code page (1252)
  (compiling source file 'Source.cpp')
  
D:\project222\Assignment_project\Form1.h(46,22): warning C4566: character represented by universal-character-name '\u0E31' cannot be represented in the current code page (1252)
  (compiling source file 'Source.cpp')
  
D:\project222\Assignment_project\Form1.h(46,22): warning C4566: character represented by universal-character-name '\u0E07' cannot be represented in the current code page (1252)
  (compiling source file 'Source.cpp')
  
D:\project222\Assignment_project\Form1.h(46,22): warning C4566: character represented by universal-character-name '\u0E04' cannot be represented in the current code page (1252)
  (compiling source file 'Source.cpp')
  
D:\project222\Assignment_project\Form1.h(46,22): warning C4566: character represented by universal-character-name '\u0E1A' cannot be represented in the current code page (1252)
  (compiling source file 'Source.cpp')
  
D:\project222\Assignment_project\Form1.h(346,23): warning C4244: 'argument': conversion from 'double' to '_Tp', possible loss of data
D:\project222\Assignment_project\Form1.h(346,23): warning C4244:         with
D:\project222\Assignment_project\Form1.h(346,23): warning C4244:         [
D:\project222\Assignment_project\Form1.h(346,23): warning C4244:             _Tp=int
D:\project222\Assignment_project\Form1.h(346,23): warning C4244:         ]
  (compiling source file 'Source.cpp')
  
D:\project222\Assignment_project\Form1.h(344,18): warning C4244: 'argument': conversion from 'double' to '_Tp', possible loss of data
D:\project222\Assignment_project\Form1.h(344,18): warning C4244:         with
D:\project222\Assignment_project\Form1.h(344,18): warning C4244:         [
D:\project222\Assignment_project\Form1.h(344,18): warning C4244:             _Tp=int
D:\project222\Assignment_project\Form1.h(344,18): warning C4244:         ]
  (compiling source file 'Source.cpp')
  
D:\project222\Assignment_project\Form1.h(360,57): warning C4244: 'argument': conversion from 'double' to '_Tp', possible loss of data
D:\project222\Assignment_project\Form1.h(360,57): warning C4244:         with
D:\project222\Assignment_project\Form1.h(360,57): warning C4244:         [
D:\project222\Assignment_project\Form1.h(360,57): warning C4244:             _Tp=int
D:\project222\Assignment_project\Form1.h(360,57): warning C4244:         ]
  (compiling source file 'Source.cpp')
  
D:\project222\Assignment_project\Source.cpp(9,6): warning C4829: Possibly incorrect parameters to function main. Consider 'int main(Platform::Array<Platform::String^>^ argv)'
  Generating Code...
C:\Users\HP\Downloads\opencv\build\include\opencv2\core\cuda.inl.hpp(113,1): warning C4793: 'cv::cuda::GpuMat::GpuMat': function compiled as native:
C:\Users\HP\Downloads\opencv\build\include\opencv2\core\cuda.inl.hpp(113,1): warning C4793: 	Found an intrinsic not supported in managed code
C:\Users\HP\Downloads\opencv\build\include\opencv2\core\cuda.inl.hpp(511,1): warning C4793: 'cv::cuda::HostMem::HostMem': function compiled as native:
C:\Users\HP\Downloads\opencv\build\include\opencv2\core\cuda.inl.hpp(511,1): warning C4793: 	Found an intrinsic not supported in managed code
C:\Users\HP\Downloads\opencv\build\include\opencv2\core\fast_math.hpp(205,1): warning C4793: '`anonymous namespace'::cvRound': function compiled as native:
C:\Users\HP\Downloads\opencv\build\include\opencv2\core\fast_math.hpp(205,1): warning C4793: 	Found an intrinsic not supported in managed code
C:\Users\HP\Downloads\opencv\build\include\opencv2\core\fast_math.hpp(206,1): warning C4793: '`anonymous namespace'::cvRound': function compiled as native:
C:\Users\HP\Downloads\opencv\build\include\opencv2\core\fast_math.hpp(206,1): warning C4793: 	Found an intrinsic not supported in managed code
C:\Users\HP\Downloads\opencv\build\include\opencv2\core\cuda.inl.hpp(113,1): warning C4793: 'cv::cuda::GpuMat::GpuMat': function compiled as native:
C:\Users\HP\Downloads\opencv\build\include\opencv2\core\cuda.inl.hpp(113,1): warning C4793: 	Found an intrinsic not supported in managed code
C:\Users\HP\Downloads\opencv\build\include\opencv2\core\cuda.inl.hpp(511,1): warning C4793: 'cv::cuda::HostMem::HostMem': function compiled as native:
C:\Users\HP\Downloads\opencv\build\include\opencv2\core\cuda.inl.hpp(511,1): warning C4793: 	Found an intrinsic not supported in managed code
C:\Users\HP\Downloads\opencv\build\include\opencv2\core\fast_math.hpp(205,1): warning C4793: '`anonymous namespace'::cvRound': function compiled as native:
C:\Users\HP\Downloads\opencv\build\include\opencv2\core\fast_math.hpp(205,1): warning C4793: 	Found an intrinsic not supported in managed code
C:\Users\HP\Downloads\opencv\build\include\opencv2\core\fast_math.hpp(206,1): warning C4793: '`anonymous namespace'::cvRound': function compiled as native:
C:\Users\HP\Downloads\opencv\build\include\opencv2\core\fast_math.hpp(206,1): warning C4793: 	Found an intrinsic not supported in managed code
  Form1.obj : MSIL module encountered; incremental linking is disabled for MSIL; performing full link
  Assignment_project.vcxproj -> D:\project222\Assignment_project\x64\Debug\Assignment_project.exe
