d:\project222\assignment_project\assignme.15890298\x64\debug\vc145.pdb
d:\project222\assignment_project\assignme.15890298\x64\debug\.netframework,version=v4.7.2.assemblyattributes.obj
d:\project222\assignment_project\assignme.15890298\x64\debug\source.obj
d:\project222\assignment_project\assignme.15890298\x64\debug\myform333.obj
d:\project222\assignment_project\assignme.15890298\x64\debug\form1.obj
d:\project222\assignment_project\x64\debug\assignment_project.exe
d:\project222\assignment_project\x64\debug\assignment_project.pdb
d:\project222\assignment_project\assignme.15890298\x64\debug\assignme.15890298.tlog\cl.command.1.tlog
d:\project222\assignment_project\assignme.15890298\x64\debug\assignme.15890298.tlog\cl.items.tlog
d:\project222\assignment_project\assignme.15890298\x64\debug\assignme.15890298.tlog\cl.read.1.tlog
d:\project222\assignment_project\assignme.15890298\x64\debug\assignme.15890298.tlog\cl.write.1.tlog
d:\project222\assignment_project\assignme.15890298\x64\debug\assignme.15890298.tlog\link.command.1.tlog
d:\project222\assignment_project\assignme.15890298\x64\debug\assignme.15890298.tlog\link.read.1.tlog
d:\project222\assignment_project\assignme.15890298\x64\debug\assignme.15890298.tlog\link.secondary.1.tlog
d:\project222\assignment_project\assignme.15890298\x64\debug\assignme.15890298.tlog\link.write.1.tlog
d:\project222\assignment_project\assignme.15890298\x64\debug\assignme.15890298.tlog\metagen.read.1.tlog
d:\project222\assignment_project\assignme.15890298\x64\debug\assignme.15890298.tlog\metagen.write.1.tlog
d:\project222\assignment_project\assignme.15890298\x64\debug\assignme.15890298.tlog\resgen.command.1.tlog
d:\project222\assignment_project\assignme.15890298\x64\debug\assignme.15890298.tlog\resgen.read.1.tlog
d:\project222\assignment_project\assignme.15890298\x64\debug\assignme.15890298.tlog\resgen.write.1.tlog
